2026-04-23T10:29:58.700+05:30  WARN 8228 --- [HikariPool-1 housekeeper] com.zaxxer.hikari.pool.HikariPool        : HikariPool-1 - Thread starvation or clock leap detected (housekeeper delta=15h53m49s76ms170µs500ns).
2026-04-23T10:39:17.389+05:30  INFO 8228 --- [MessageBroker-2] c.r.config.OrderExpirationScheduler      : Checking for expired online pharmacy orders...
2026-04-23T10:39:17.429+05:30  INFO 8228 --- [MessageBroker-2] c.r.config.OrderExpirationScheduler      : No expired online pharmacy orders found
2026-04-23T10:39:17.435+05:30  INFO 8228 --- [MessageBroker-2] c.r.config.OrderExpirationScheduler      : Checking for expired online pharmacy orders...
2026-04-23T10:39:17.445+05:30  INFO 8228 --- [MessageBroker-2] c.r.config.OrderExpirationScheduler      : No expired online pharmacy orders found
2026-04-23T10:39:17.452+05:30  INFO 8228 --- [MessageBroker-2] c.r.config.OrderExpirationScheduler      : Checking for expired online pharmacy orders...
2026-04-23T10:39:17.460+05:30  INFO 8228 --- [MessageBroker-2] c.r.config.OrderExpirationScheduler      : No expired online pharmacy orders found
2026-04-23T10:39:17.464+05:30  INFO 8228 --- [MessageBroker-2] c.r.config.OrderExpirationScheduler      : Checking for expired online pharmacy orders...
2026-04-23T10:39:17.479+05:30  INFO 8228 --- [MessageBroker-2] c.r.config.OrderExpirationScheduler      : No expired online pharmacy orders found
2026-04-23T10:39:17.485+05:30  INFO 8228 --- [MessageBroker-2] c.r.config.OrderExpirationScheduler      : Checking for expired online pharmacy orders...
2026-04-23T10:39:17.491+05:30  INFO 8228 --- [MessageBroker-2] c.r.config.OrderExpirationScheduler      : No expired online pharmacy orders found
2026-04-23T10:39:17.497+05:30  INFO 8228 --- [MessageBroker-2] c.r.config.OrderExpirationScheduler      : Checking for expired online pharmacy orders...
2026-04-23T10:39:17.510+05:30  INFO 8228 --- [MessageBroker-2] c.r.config.OrderExpirationScheduler      : No expired online pharmacy orders found
2026-04-23T10:39:17.514+05:30  INFO 8228 --- [MessageBroker-2] c.r.config.OrderExpirationScheduler      : Checking for expired online pharmacy orders...
2026-04-23T10:39:17.534+05:30  INFO 8228 --- [MessageBroker-2] c.r.config.OrderExpirationScheduler      : No expired online pharmacy orders found
2026-04-23T10:39:17.539+05:30  INFO 8228 --- [MessageBroker-2] c.r.config.OrderExpirationScheduler      : Checking for expired online pharmacy orders...
2026-04-23T10:39:17.550+05:30  INFO 8228 --- [MessageBroker-2] c.r.config.OrderExpirationScheduler      : No expired online pharmacy orders found
2026-04-23T10:39:17.557+05:30  INFO 8228 --- [MessageBroker-2] c.r.config.OrderExpirationScheduler      : Checking for expired online pharmacy orders...
2026-04-23T10:39:17.566+05:30  INFO 8228 --- [MessageBroker-2] c.r.config.OrderExpirationScheduler      : No expired online pharmacy orders found
2026-04-23T10:39:17.572+05:30  INFO 8228 --- [MessageBroker-2] c.r.config.OrderExpirationScheduler      : Checking for expired online pharmacy orders...
2026-04-23T10:39:17.580+05:30  INFO 8228 --- [MessageBroker-2] c.r.config.OrderExpirationScheduler      : No expired online pharmacy orders found
2026-04-23T10:39:17.584+05:30  INFO 8228 --- [MessageBroker-2] c.r.config.OrderExpirationScheduler      : Checking for expired online pharmacy orders...
2026-04-23T10:39:17.593+05:30  INFO 8228 --- [MessageBroker-2] c.r.config.OrderExpirationScheduler      : No expired online pharmacy orders found
2026-04-23T10:39:17.596+05:30  INFO 8228 --- [MessageBroker-2] c.r.config.OrderExpirationScheduler      : Checking for expired online pharmacy orders...
2026-04-23T10:39:17.652+05:30  INFO 8228 --- [MessageBroker-2] c.r.config.OrderExpirationScheduler      : No expired online pharmacy orders found
2026-04-23T10:39:17.660+05:30  INFO 8228 --- [MessageBroker-2] c.r.config.OrderExpirationScheduler      : Checking for expired online pharmacy orders...
2026-04-23T10:39:17.670+05:30  INFO 8228 --- [MessageBroker-2] c.r.config.OrderExpirationScheduler      : No expired online pharmacy orders found
2026-04-23T10:39:17.674+05:30  INFO 8228 --- [MessageBroker-2] c.r.config.OrderExpirationScheduler      : Checking for expired online pharmacy orders...
2026-04-23T10:39:17.681+05:30  INFO 8228 --- [MessageBroker-2] c.r.config.OrderExpirationScheduler      : No expired online pharmacy orders found
2026-04-23T10:39:17.685+05:30  INFO 8228 --- [MessageBroker-2] c.r.config.OrderExpirationScheduler      : Checking for expired online pharmacy orders...
2026-04-23T10:39:17.696+05:30  INFO 8228 --- [MessageBroker-2] c.r.config.OrderExpirationScheduler      : No expired online pharmacy orders found
2026-04-23T10:39:17.699+05:30  INFO 8228 --- [MessageBroker-2] c.r.config.OrderExpirationScheduler      : Checking for expired online pharmacy orders...
2026-04-23T10:39:17.720+05:30  INFO 8228 --- [MessageBroker-2] c.r.config.OrderExpirationScheduler      : No expired online pharmacy orders found
2026-04-23T10:39:17.722+05:30  INFO 8228 --- [MessageBroker-2] c.r.config.OrderExpirationScheduler      : Checking for expired online pharmacy orders...
2026-04-23T10:39:17.730+05:30  INFO 8228 --- [MessageBroker-2] c.r.config.OrderExpirationScheduler      : No expired online pharmacy orders found
2026-04-23T10:39:17.733+05:30  INFO 8228 --- [MessageBroker-2] c.r.config.OrderExpirationScheduler      : Checking for expired online pharmacy orders...
2026-04-23T10:39:17.747+05:30  INFO 8228 --- [MessageBroker-2] c.r.config.OrderExpirationScheduler      : No expired online pharmacy orders found
2026-04-23T10:39:17.750+05:30  INFO 8228 --- [MessageBroker-2] c.r.config.OrderExpirationScheduler      : Checking for expired online pharmacy orders...
2026-04-23T10:39:17.755+05:30  INFO 8228 --- [MessageBroker-2] c.r.config.OrderExpirationScheduler      : No expired online pharmacy orders found
2026-04-23T10:45:57.426+05:30  INFO 8228 --- [MessageBroker-2] c.r.config.OrderExpirationScheduler      : Checking for expired online pharmacy orders...
2026-04-23T10:45:57.453+05:30  INFO 8228 --- [MessageBroker-2] c.r.config.OrderExpirationScheduler      : No expired online pharmacy orders found
2026-04-23T11:45:57.485+05:30  INFO 8228 --- [MessageBroker-2] c.r.config.OrderExpirationScheduler      : Checking for expired online pharmacy orders...
2026-04-23T11:45:57.636+05:30  INFO 8228 --- [MessageBroker-2] c.r.config.OrderExpirationScheduler      : No expired online pharmacy orders found
2026-04-23T12:45:57.431+05:30  INFO 8228 --- [MessageBroker-2] c.r.config.OrderExpirationScheduler      : Checking for expired online pharmacy orders...
2026-04-23T12:45:57.498+05:30  INFO 8228 --- [MessageBroker-2] c.r.config.OrderExpirationScheduler      : No expired online pharmacy orders found
2026-04-23T13:52:56.980+05:30  WARN 8228 --- [HikariPool-1 housekeeper] com.zaxxer.hikari.pool.HikariPool        : HikariPool-1 - Thread starvation or clock leap detected (housekeeper delta=35m55s286ms366µs700ns).
2026-04-23T14:21:22.643+05:30  INFO 8228 --- [MessageBroker-2] c.r.config.OrderExpirationScheduler      : Checking for expired online pharmacy orders...
2026-04-23T14:21:22.735+05:30  INFO 8228 --- [MessageBroker-2] c.r.config.OrderExpirationScheduler      : No expired online pharmacy orders found
2026-04-23T14:45:57.383+05:30  INFO 8228 --- [MessageBroker-2] c.r.config.OrderExpirationScheduler      : Checking for expired online pharmacy orders...
2026-04-23T14:45:57.400+05:30  INFO 8228 --- [MessageBroker-2] c.r.config.OrderExpirationScheduler      : No expired online pharmacy orders found
2026-04-23T15:45:57.400+05:30  INFO 8228 --- [MessageBroker-2] c.r.config.OrderExpirationScheduler      : Checking for expired online pharmacy orders...
2026-04-23T15:45:57.446+05:30  INFO 8228 --- [MessageBroker-2] c.r.config.OrderExpirationScheduler      : No expired online pharmacy orders found
2026-04-23T16:45:57.400+05:30  INFO 8228 --- [MessageBroker-2] c.r.config.OrderExpirationScheduler      : Checking for expired online pharmacy orders...
2026-04-23T16:45:57.462+05:30  INFO 8228 --- [MessageBroker-2] c.r.config.OrderExpirationScheduler      : No expired online pharmacy orders found
2026-04-23T17:45:57.399+05:30  INFO 8228 --- [MessageBroker-2] c.r.config.OrderExpirationScheduler      : Checking for expired online pharmacy orders...
2026-04-23T17:45:57.480+05:30  INFO 8228 --- [MessageBroker-2] c.r.config.OrderExpirationScheduler      : No expired online pharmacy orders found
2026-04-23T18:29:40.962+05:30  INFO 8228 --- [SpringApplicationShutdownHook] com.zaxxer.hikari.HikariDataSource       : HikariPool-1 - Shutdown initiated...
2026-04-23T18:29:41.037+05:30  INFO 8228 --- [SpringApplicationShutdownHook] com.zaxxer.hikari.HikariDataSource       : HikariPool-1 - Shutdown completed.
